0 1 2
PAYLOAD SIZE 256
-1
-43
92
127
0
0
120
123
6
-43
92
127
0
0
0
0
0
0
0
0
0
0
49
0
0
0
0
0
0
0
120
123
6
-43
92
127
0
0
120
123
6
-43
92
127
0
0
0
0
0
0
0
0
0
0
0
0
0
0
0
0
0
0
48
0
0
0
0
0
0
0
32
0
0
0
0
0
0
0
80
71
-124
1
0
0
0
0
-64
52
-124
1
0
0
0
0
46
99
111
110
102
40
53
41
-79
4
0
0
0
0
0
0
0
32
-87
-44
92
127
0
0
-32
52
-124
1
0
0
0
0
-96
-51
-55
-44
92
127
0
0
0
0
0
0
0
0
0
0
-40
57
41
-43
92
127
0
0
-64
54
-124
1
0
0
0
0
0
0
0
0
0
0
0
0
56
59
-124
1
0
0
0
0
0
0
0
0
0
0
0
0
-96
-51
-55
-44
92
127
0
0
-112
-50
-55
-44
92
127
0
0
-128
-50
-55
-44
92
127
0
0
32
-50
-55
-44
92
127
0
0
64
-50
-55
-44
92
127
0
0
80
-50
-55
-44
92
127
0
0
-64
-50
-55
-44
92
127
0
0
-48
-50
-55
-44
92
127
0
0
-32
-50
-55
-44
92
127
0
0
96
-50
